INFO:  latexindent version 3.15, 2022-01-21, a script to indent .tex files
       latexindent lives here: /usr/share/texlive/texmf-dist/scripts/latexindent/
       Tue Dec 12 20:48:50 2023
       Filename: /home/audrey/Documents/workspace/django/TP/tp6/my_first_django_project/Templating_ifnti/ifnti/note_synthese.tex
INFO:  Processing switches:
INFO:  Directory for backup files and indent.log: /home/audrey/Documents/workspace/django/TP/tp6/my_first_django_project/Templating_ifnti/ifnti
INFO:  YAML settings read: defaultSettings.yaml
       Reading defaultSettings.yaml from /usr/share/texlive/texmf-dist/scripts/latexindent/defaultSettings.yaml
INFO:  YAML settings read: indentconfig.yaml or .indentconfig.yaml
       Home directory is /home/audrey (didn't find either indentconfig.yaml or .indentconfig.yaml)
       To specify user settings you would put indentconfig.yaml here: /home/audrey/indentconfig.yaml
       Alternatively, you can use the hidden file .indentconfig.yaml as: /home/audrey/.indentconfig.yaml
INFO:  Phase 1: searching for objects
INFO:  Phase 2: finding surrounding indentation
INFO:  Phase 3: indenting objects
INFO:  Phase 4: final indentation check
INFO:  Output routine:
       Not outputting to file; see -w and -o switches for more options.
       --------------
INFO:  Please direct all communication/issues to:
        https://github.com/cmhughes/latexindent.pl
